<?xml version="1.0" encoding="UTF-8"?>
<testsuite xmlns:xsi="http://www.w3.org/2001/XMLSchema-instance" xsi:noNamespaceSchemaLocation="https://maven.apache.org/surefire/maven-surefire-plugin/xsd/surefire-test-report-3.0.xsd" version="3.0" name="uk.ac.ed.inf.PizzaDronz.controllers.ControllerTest" time="0.267" tests="18" errors="0" skipped="0" failures="0">
  <properties>
[...]
</properties>
  <testcase name="testNextPosition_InvalidAngle_Negative" classname="uk.ac.ed.inf.PizzaDronz.controllers.ControllerTest" time="0.061">
    <system-out><![CDATA[2024-10-17T18:53:04.370+01:00  INFO 11763 --- [PizzaDronz] [           main] t.c.s.AnnotationConfigContextLoaderUtils : Could not detect default configuration classes for test class [uk.ac.ed.inf.PizzaDronz.controllers.ControllerTest]: ControllerTest does not declare any static, non-private, non-final, nested classes annotated with @Configuration.
2024-10-17T18:53:04.384+01:00  INFO 11763 --- [PizzaDronz] [           main] .b.t.c.SpringBootTestContextBootstrapper : Found @SpringBootConfiguration uk.ac.ed.inf.PizzaDronz.PizzaDronzApplication for test class uk.ac.ed.inf.PizzaDronz.controllers.ControllerTest

  .   ____          _            __ _ _
 /\\ / ___'_ __ _ _(_)_ __  __ _ \ \ \ \
( ( )\___ | '_ | '_| | '_ \/ _` | \ \ \ \
 \\/  ___)| |_)| | | | | || (_| |  ) ) ) )
  '  |____| .__|_| |_|_| |_\__, | / / / /
 =========|_|==============|___/=/_/_/_/

 :: Spring Boot ::                (v3.3.4)

2024-10-17T18:53:04.400+01:00  INFO 11763 --- [PizzaDronz] [           main] u.a.e.i.P.controllers.ControllerTest     : Starting ControllerTest using Java 21.0.4 with PID 11763 (started by leo in /Users/leo/School/Y3/ILP/CW1/PizzaDronz)
2024-10-17T18:53:04.400+01:00  INFO 11763 --- [PizzaDronz] [           main] u.a.e.i.P.controllers.ControllerTest     : No active profile set, falling back to 1 default profile: "default"
2024-10-17T18:53:04.485+01:00  INFO 11763 --- [PizzaDronz] [           main] o.s.b.t.m.w.SpringBootMockServletContext : Initializing Spring TestDispatcherServlet ''
2024-10-17T18:53:04.485+01:00  INFO 11763 --- [PizzaDronz] [           main] o.s.t.web.servlet.TestDispatcherServlet  : Initializing Servlet ''
2024-10-17T18:53:04.485+01:00  INFO 11763 --- [PizzaDronz] [           main] o.s.t.web.servlet.TestDispatcherServlet  : Completed initialization in 0 ms
2024-10-17T18:53:04.489+01:00  INFO 11763 --- [PizzaDronz] [           main] u.a.e.i.P.controllers.ControllerTest     : Started ControllerTest in 0.103 seconds (process running for 1.578)
]]></system-out>
  </testcase>
  <testcase name="testIsCloseTo_ValidRequest_False" classname="uk.ac.ed.inf.PizzaDronz.controllers.ControllerTest" time="0.024"/>
  <testcase name="testIsInRegion_InvalidRegion_AllSameLongitude" classname="uk.ac.ed.inf.PizzaDronz.controllers.ControllerTest" time="0.004"/>
  <testcase name="testDistanceTo_SameCoordinates" classname="uk.ac.ed.inf.PizzaDronz.controllers.ControllerTest" time="0.004"/>
  <testcase name="testIsCloseTo_ValidRequest" classname="uk.ac.ed.inf.PizzaDronz.controllers.ControllerTest" time="0.003"/>
  <testcase name="testIsInRegion_ValidPointInsideRegion" classname="uk.ac.ed.inf.PizzaDronz.controllers.ControllerTest" time="0.003"/>
  <testcase name="testIsCloseTo_InvalidRequest_MissingPosition" classname="uk.ac.ed.inf.PizzaDronz.controllers.ControllerTest" time="0.002"/>
  <testcase name="testNextPosition_ValidEdgeAngle_ZeroDegrees" classname="uk.ac.ed.inf.PizzaDronz.controllers.ControllerTest" time="0.004"/>
  <testcase name="testIsInRegion_InvalidRegion_InsufficientVertices" classname="uk.ac.ed.inf.PizzaDronz.controllers.ControllerTest" time="0.002"/>
  <testcase name="testNextPosition_NullStartPosition" classname="uk.ac.ed.inf.PizzaDronz.controllers.ControllerTest" time="0.003"/>
  <testcase name="testNextPosition_InvalidAngle_OutOfBounds" classname="uk.ac.ed.inf.PizzaDronz.controllers.ControllerTest" time="0.003"/>
  <testcase name="testIsInRegion_ValidPointOutsideRegion" classname="uk.ac.ed.inf.PizzaDronz.controllers.ControllerTest" time="0.003"/>
  <testcase name="testIsCloseTo_InvalidJsonStructure" classname="uk.ac.ed.inf.PizzaDronz.controllers.ControllerTest" time="0.001"/>
  <testcase name="testDistanceTo_NullInput" classname="uk.ac.ed.inf.PizzaDronz.controllers.ControllerTest" time="0.003">
    <system-out><![CDATA[2024-10-17T18:53:04.619+01:00  WARN 11763 --- [PizzaDronz] [           main] .w.s.m.s.DefaultHandlerExceptionResolver : Resolved [org.springframework.http.converter.HttpMessageNotReadableException: Required request body is missing: public org.springframework.http.ResponseEntity<java.lang.Double> uk.ac.ed.inf.PizzaDronz.controllers.Controller.distanceTo(uk.ac.ed.inf.PizzaDronz.models.LngLatPairRequest)]
]]></system-out>
  </testcase>
  <testcase name="testDistanceTo_ValidRequest" classname="uk.ac.ed.inf.PizzaDronz.controllers.ControllerTest" time="0.003"/>
  <testcase name="testDistanceTo_InvalidRequest_MissingPosition" classname="uk.ac.ed.inf.PizzaDronz.controllers.ControllerTest" time="0.002"/>
  <testcase name="testIsAlive" classname="uk.ac.ed.inf.PizzaDronz.controllers.ControllerTest" time="0.003"/>
  <testcase name="testDistanceTo_InvalidRequest_InvalidCoordinates" classname="uk.ac.ed.inf.PizzaDronz.controllers.ControllerTest" time="0.002"/>
</testsuite>